{"C:\\Users\\Administrator\\Documents\\EventSpark_Microservice\\src\\functions\\index.ts": {"path":"C:\\Users\\Administrator\\Documents\\EventSpark_Microservice\\src\\functions\\index.ts","statementMap":{"0":{"start":{"line":2,"column":0},"end":{"line":2,"column":9}},"1":{"start":{"line":5,"column":9},"end":{"line":2,"column":19}},"2":{"start":{"line":5,"column":19},"end":{"line":2,"column":26}},"3":{"start":{"line":5,"column":26},"end":{"line":2,"column":57}},"4":{"start":{"line":3,"column":0},"end":{"line":3,"column":9}},"5":{"start":{"line":5,"column":34},"end":{"line":3,"column":46}}},"fnMap":{"0":{"name":"(anonymous_0)","decl":{"start":{"line":5,"column":9},"end":{"line":5,"column":17}},"loc":{"start":{"line":5,"column":9},"end":{"line":2,"column":19}}},"1":{"name":"(anonymous_1)","decl":{"start":{"line":5,"column":19},"end":{"line":5,"column":24}},"loc":{"start":{"line":5,"column":19},"end":{"line":2,"column":26}}},"2":{"name":"(anonymous_2)","decl":{"start":{"line":5,"column":26},"end":{"line":5,"column":32}},"loc":{"start":{"line":5,"column":26},"end":{"line":2,"column":57}}},"3":{"name":"(anonymous_3)","decl":{"start":{"line":5,"column":34},"end":{"line":5,"column":41}},"loc":{"start":{"line":5,"column":34},"end":{"line":3,"column":46}}}},"branchMap":{},"s":{"0":0,"1":0,"2":0,"3":0,"4":0,"5":0},"f":{"0":0,"1":0,"2":0,"3":0},"b":{}}
,"C:\\Users\\Administrator\\Documents\\EventSpark_Microservice\\src\\functions\\auth\\handler.ts": {"path":"C:\\Users\\Administrator\\Documents\\EventSpark_Microservice\\src\\functions\\auth\\handler.ts","statementMap":{"0":{"start":{"line":2,"column":0},"end":{"line":2,"column":36}},"1":{"start":{"line":3,"column":0},"end":{"line":3,"column":35}},"2":{"start":{"line":4,"column":0},"end":{"line":4,"column":34}},"3":{"start":{"line":5,"column":0},"end":{"line":5,"column":40}},"4":{"start":{"line":7,"column":0},"end":{"line":7,"column":36}},"5":{"start":{"line":8,"column":0},"end":{"line":8,"column":85}},"6":{"start":{"line":11,"column":19},"end":{"line":11,"column":111}},"7":{"start":{"line":12,"column":20},"end":{"line":12,"column":22}},"8":{"start":{"line":14,"column":24},"end":{"line":76,"column":1}},"9":{"start":{"line":15,"column":21},"end":{"line":15,"column":47}},"10":{"start":{"line":17,"column":2},"end":{"line":75,"column":null}},"11":{"start":{"line":18,"column":32},"end":{"line":18,"column":62}},"12":{"start":{"line":21,"column":4},"end":{"line":27,"column":null}},"13":{"start":{"line":22,"column":6},"end":{"line":26,"column":8}},"14":{"start":{"line":30,"column":23},"end":{"line":30,"column":51}},"15":{"start":{"line":31,"column":4},"end":{"line":37,"column":null}},"16":{"start":{"line":32,"column":6},"end":{"line":36,"column":8}},"17":{"start":{"line":40,"column":28},"end":{"line":40,"column":88}},"18":{"start":{"line":41,"column":4},"end":{"line":47,"column":null}},"19":{"start":{"line":42,"column":6},"end":{"line":46,"column":8}},"20":{"start":{"line":50,"column":19},"end":{"line":50,"column":27}},"21":{"start":{"line":53,"column":27},"end":{"line":53,"column":67}},"22":{"start":{"line":56,"column":4},"end":{"line":56,"column":90}},"23":{"start":{"line":58,"column":4},"end":{"line":65,"column":6}},"24":{"start":{"line":67,"column":4},"end":{"line":67,"column":54}},"25":{"start":{"line":68,"column":4},"end":{"line":72,"column":6}},"26":{"start":{"line":74,"column":4},"end":{"line":74,"column":25}},"27":{"start":{"line":14,"column":13},"end":{"line":14,"column":24}},"28":{"start":{"line":78,"column":21},"end":{"line":158,"column":1}},"29":{"start":{"line":79,"column":21},"end":{"line":79,"column":47}},"30":{"start":{"line":80,"column":20},"end":{"line":80,"column":53}},"31":{"start":{"line":82,"column":2},"end":{"line":157,"column":null}},"32":{"start":{"line":83,"column":32},"end":{"line":83,"column":62}},"33":{"start":{"line":86,"column":4},"end":{"line":92,"column":null}},"34":{"start":{"line":87,"column":6},"end":{"line":91,"column":8}},"35":{"start":{"line":95,"column":20},"end":{"line":95,"column":80}},"36":{"start":{"line":96,"column":17},"end":{"line":96,"column":57}},"37":{"start":{"line":98,"column":4},"end":{"line":104,"column":null}},"38":{"start":{"line":99,"column":6},"end":{"line":103,"column":8}},"39":{"start":{"line":107,"column":28},"end":{"line":107,"column":73}},"40":{"start":{"line":108,"column":4},"end":{"line":114,"column":null}},"41":{"start":{"line":109,"column":6},"end":{"line":113,"column":8}},"42":{"start":{"line":117,"column":18},"end":{"line":125,"column":null}},"43":{"start":{"line":128,"column":25},"end":{"line":131,"column":6}},"44":{"start":{"line":133,"column":4},"end":{"line":147,"column":6}},"45":{"start":{"line":149,"column":4},"end":{"line":149,"column":51}},"46":{"start":{"line":150,"column":4},"end":{"line":154,"column":6}},"47":{"start":{"line":156,"column":4},"end":{"line":156,"column":25}},"48":{"start":{"line":78,"column":13},"end":{"line":78,"column":21}},"49":{"start":{"line":161,"column":22},"end":{"line":172,"column":1}},"50":{"start":{"line":162,"column":20},"end":{"line":162,"column":53}},"51":{"start":{"line":164,"column":2},"end":{"line":171,"column":4}},"52":{"start":{"line":161,"column":13},"end":{"line":161,"column":22}},"53":{"start":{"line":174,"column":22},"end":{"line":230,"column":1}},"54":{"start":{"line":175,"column":2},"end":{"line":229,"column":null}},"55":{"start":{"line":179,"column":4},"end":{"line":187,"column":null}},"56":{"start":{"line":180,"column":22},"end":{"line":184,"column":41}},"57":{"start":{"line":181,"column":29},"end":{"line":181,"column":53}},"58":{"start":{"line":182,"column":8},"end":{"line":182,"column":25}},"59":{"start":{"line":183,"column":8},"end":{"line":183,"column":19}},"60":{"start":{"line":186,"column":6},"end":{"line":186,"column":28}},"61":{"start":{"line":190,"column":4},"end":{"line":192,"column":null}},"62":{"start":{"line":191,"column":6},"end":{"line":191,"column":65}},"63":{"start":{"line":194,"column":4},"end":{"line":200,"column":null}},"64":{"start":{"line":195,"column":6},"end":{"line":199,"column":8}},"65":{"start":{"line":202,"column":20},"end":{"line":202,"column":null}},"66":{"start":{"line":209,"column":4},"end":{"line":221,"column":6}},"67":{"start":{"line":223,"column":4},"end":{"line":223,"column":52}},"68":{"start":{"line":224,"column":4},"end":{"line":228,"column":6}},"69":{"start":{"line":174,"column":13},"end":{"line":174,"column":22}}},"fnMap":{"0":{"name":"(anonymous_7)","decl":{"start":{"line":14,"column":24},"end":{"line":14,"column":29}},"loc":{"start":{"line":14,"column":94},"end":{"line":76,"column":1}}},"1":{"name":"(anonymous_8)","decl":{"start":{"line":78,"column":21},"end":{"line":78,"column":26}},"loc":{"start":{"line":78,"column":91},"end":{"line":158,"column":1}}},"2":{"name":"(anonymous_9)","decl":{"start":{"line":161,"column":22},"end":{"line":161,"column":27}},"loc":{"start":{"line":161,"column":92},"end":{"line":172,"column":1}}},"3":{"name":"(anonymous_10)","decl":{"start":{"line":174,"column":22},"end":{"line":174,"column":27}},"loc":{"start":{"line":174,"column":92},"end":{"line":230,"column":1}}},"4":{"name":"(anonymous_11)","decl":{"start":{"line":180,"column":61},"end":{"line":180,"column":62}},"loc":{"start":{"line":180,"column":77},"end":{"line":184,"column":7}}}},"branchMap":{"0":{"loc":{"start":{"line":11,"column":19},"end":{"line":11,"column":111}},"type":"binary-expr","locations":[{"start":{"line":11,"column":19},"end":{"line":11,"column":41}},{"start":{"line":11,"column":45},"end":{"line":11,"column":111}}]},"1":{"loc":{"start":{"line":18,"column":43},"end":{"line":18,"column":61}},"type":"binary-expr","locations":[{"start":{"line":18,"column":43},"end":{"line":18,"column":53}},{"start":{"line":18,"column":57},"end":{"line":18,"column":61}}]},"2":{"loc":{"start":{"line":21,"column":4},"end":{"line":27,"column":null}},"type":"if","locations":[{"start":{"line":21,"column":4},"end":{"line":27,"column":null}}]},"3":{"loc":{"start":{"line":21,"column":8},"end":{"line":21,"column":27}},"type":"binary-expr","locations":[{"start":{"line":21,"column":8},"end":{"line":21,"column":14}},{"start":{"line":21,"column":18},"end":{"line":21,"column":27}}]},"4":{"loc":{"start":{"line":31,"column":4},"end":{"line":37,"column":null}},"type":"if","locations":[{"start":{"line":31,"column":4},"end":{"line":37,"column":null}}]},"5":{"loc":{"start":{"line":41,"column":4},"end":{"line":47,"column":null}},"type":"if","locations":[{"start":{"line":41,"column":4},"end":{"line":47,"column":null}}]},"6":{"loc":{"start":{"line":41,"column":8},"end":{"line":41,"column":64}},"type":"binary-expr","locations":[{"start":{"line":41,"column":8},"end":{"line":41,"column":36}},{"start":{"line":41,"column":40},"end":{"line":41,"column":64}}]},"7":{"loc":{"start":{"line":83,"column":43},"end":{"line":83,"column":61}},"type":"binary-expr","locations":[{"start":{"line":83,"column":43},"end":{"line":83,"column":53}},{"start":{"line":83,"column":57},"end":{"line":83,"column":61}}]},"8":{"loc":{"start":{"line":86,"column":4},"end":{"line":92,"column":null}},"type":"if","locations":[{"start":{"line":86,"column":4},"end":{"line":92,"column":null}}]},"9":{"loc":{"start":{"line":86,"column":8},"end":{"line":86,"column":27}},"type":"binary-expr","locations":[{"start":{"line":86,"column":8},"end":{"line":86,"column":14}},{"start":{"line":86,"column":18},"end":{"line":86,"column":27}}]},"10":{"loc":{"start":{"line":96,"column":17},"end":{"line":96,"column":57}},"type":"binary-expr","locations":[{"start":{"line":96,"column":17},"end":{"line":96,"column":37}},{"start":{"line":96,"column":41},"end":{"line":96,"column":57}}]},"11":{"loc":{"start":{"line":98,"column":4},"end":{"line":104,"column":null}},"type":"if","locations":[{"start":{"line":98,"column":4},"end":{"line":104,"column":null}}]},"12":{"loc":{"start":{"line":108,"column":4},"end":{"line":114,"column":null}},"type":"if","locations":[{"start":{"line":108,"column":4},"end":{"line":114,"column":null}}]},"13":{"loc":{"start":{"line":179,"column":4},"end":{"line":187,"column":null}},"type":"if","locations":[{"start":{"line":179,"column":4},"end":{"line":187,"column":null}}]},"14":{"loc":{"start":{"line":190,"column":4},"end":{"line":192,"column":null}},"type":"if","locations":[{"start":{"line":190,"column":4},"end":{"line":192,"column":null}}]},"15":{"loc":{"start":{"line":190,"column":8},"end":{"line":190,"column":45}},"type":"binary-expr","locations":[{"start":{"line":190,"column":8},"end":{"line":190,"column":14}},{"start":{"line":190,"column":18},"end":{"line":190,"column":45}}]},"16":{"loc":{"start":{"line":194,"column":4},"end":{"line":200,"column":null}},"type":"if","locations":[{"start":{"line":194,"column":4},"end":{"line":200,"column":null}}]}},"s":{"0":1,"1":1,"2":1,"3":1,"4":1,"5":1,"6":1,"7":1,"8":1,"9":2,"10":2,"11":2,"12":2,"13":1,"14":1,"15":1,"16":0,"17":1,"18":1,"19":0,"20":1,"21":1,"22":1,"23":1,"24":0,"25":0,"26":2,"27":1,"28":1,"29":2,"30":2,"31":2,"32":2,"33":2,"34":0,"35":2,"36":2,"37":2,"38":1,"39":1,"40":1,"41":0,"42":1,"43":1,"44":1,"45":0,"46":0,"47":2,"48":1,"49":1,"50":1,"51":1,"52":1,"53":1,"54":2,"55":2,"56":2,"57":2,"58":2,"59":2,"60":2,"61":2,"62":0,"63":2,"64":0,"65":2,"66":1,"67":1,"68":1,"69":1},"f":{"0":2,"1":2,"2":1,"3":2,"4":2},"b":{"0":[1,1],"1":[2,0],"2":[1],"3":[2,1],"4":[0],"5":[0],"6":[1,1],"7":[2,0],"8":[0],"9":[2,2],"10":[2,2],"11":[1],"12":[0],"13":[2],"14":[0],"15":[2,0],"16":[0]}}
,"C:\\Users\\Administrator\\Documents\\EventSpark_Microservice\\src\\functions\\qrcheckin\\handler.ts": {"path":"C:\\Users\\Administrator\\Documents\\EventSpark_Microservice\\src\\functions\\qrcheckin\\handler.ts","statementMap":{"0":{"start":{"line":2,"column":0},"end":{"line":2,"column":34}},"1":{"start":{"line":3,"column":0},"end":{"line":3,"column":40}},"2":{"start":{"line":4,"column":0},"end":{"line":4,"column":46}},"3":{"start":{"line":7,"column":23},"end":{"line":61,"column":1}},"4":{"start":{"line":10,"column":21},"end":{"line":10,"column":47}},"5":{"start":{"line":12,"column":2},"end":{"line":60,"column":null}},"6":{"start":{"line":13,"column":26},"end":{"line":13,"column":56}},"7":{"start":{"line":17,"column":4},"end":{"line":23,"column":null}},"8":{"start":{"line":18,"column":6},"end":{"line":22,"column":8}},"9":{"start":{"line":26,"column":21},"end":{"line":28,"column":null}},"10":{"start":{"line":31,"column":4},"end":{"line":49,"column":null}},"11":{"start":{"line":32,"column":6},"end":{"line":39,"column":8}},"12":{"start":{"line":41,"column":6},"end":{"line":48,"column":8}},"13":{"start":{"line":51,"column":4},"end":{"line":57,"column":6}},"14":{"start":{"line":59,"column":4},"end":{"line":59,"column":25}},"15":{"start":{"line":7,"column":13},"end":{"line":7,"column":23}}},"fnMap":{"0":{"name":"(anonymous_1)","decl":{"start":{"line":7,"column":23},"end":{"line":7,"column":28}},"loc":{"start":{"line":9,"column":36},"end":{"line":61,"column":1}}}},"branchMap":{"0":{"loc":{"start":{"line":13,"column":37},"end":{"line":13,"column":55}},"type":"binary-expr","locations":[{"start":{"line":13,"column":37},"end":{"line":13,"column":47}},{"start":{"line":13,"column":51},"end":{"line":13,"column":55}}]},"1":{"loc":{"start":{"line":17,"column":4},"end":{"line":23,"column":null}},"type":"if","locations":[{"start":{"line":17,"column":4},"end":{"line":23,"column":null}}]},"2":{"loc":{"start":{"line":31,"column":4},"end":{"line":49,"column":null}},"type":"if","locations":[{"start":{"line":31,"column":4},"end":{"line":49,"column":null}},{"start":{"line":40,"column":11},"end":{"line":49,"column":null}}]}},"s":{"0":1,"1":1,"2":1,"3":1,"4":4,"5":4,"6":4,"7":4,"8":1,"9":3,"10":2,"11":1,"12":1,"13":1,"14":4,"15":1},"f":{"0":4},"b":{"0":[4,0],"1":[1],"2":[1,1]}}
}
