TN:
SF:src\functions\index.ts
FN:5,(anonymous_0)
FN:5,(anonymous_1)
FN:5,(anonymous_2)
FN:5,(anonymous_3)
FNF:4
FNH:0
FNDA:0,(anonymous_0)
FNDA:0,(anonymous_1)
FNDA:0,(anonymous_2)
FNDA:0,(anonymous_3)
DA:2,0
DA:3,0
DA:5,0
LF:3
LH:0
BRF:0
BRH:0
end_of_record
TN:
SF:src\functions\auth\handler.ts
FN:14,(anonymous_7)
FN:78,(anonymous_8)
FN:161,(anonymous_9)
FN:174,(anonymous_10)
FN:180,(anonymous_11)
FNF:5
FNH:5
FNDA:2,(anonymous_7)
FNDA:2,(anonymous_8)
FNDA:1,(anonymous_9)
FNDA:2,(anonymous_10)
FNDA:2,(anonymous_11)
DA:2,1
DA:3,1
DA:4,1
DA:5,1
DA:7,1
DA:8,1
DA:11,1
DA:12,1
DA:14,1
DA:15,2
DA:17,2
DA:18,2
DA:21,2
DA:22,1
DA:30,1
DA:31,1
DA:32,0
DA:40,1
DA:41,1
DA:42,0
DA:50,1
DA:53,1
DA:56,1
DA:58,1
DA:67,0
DA:68,0
DA:74,2
DA:78,1
DA:79,2
DA:80,2
DA:82,2
DA:83,2
DA:86,2
DA:87,0
DA:95,2
DA:96,2
DA:98,2
DA:99,1
DA:107,1
DA:108,1
DA:109,0
DA:117,1
DA:128,1
DA:133,1
DA:149,0
DA:150,0
DA:156,2
DA:161,1
DA:162,1
DA:164,1
DA:174,1
DA:175,2
DA:179,2
DA:180,2
DA:181,2
DA:182,2
DA:183,2
DA:186,2
DA:190,2
DA:191,0
DA:194,2
DA:195,0
DA:202,2
DA:209,1
DA:223,1
DA:224,1
LF:66
LH:56
BRDA:11,0,0,1
BRDA:11,0,1,1
BRDA:18,1,0,2
BRDA:18,1,1,0
BRDA:21,2,0,1
BRDA:21,3,0,2
BRDA:21,3,1,1
BRDA:31,4,0,0
BRDA:41,5,0,0
BRDA:41,6,0,1
BRDA:41,6,1,1
BRDA:83,7,0,2
BRDA:83,7,1,0
BRDA:86,8,0,0
BRDA:86,9,0,2
BRDA:86,9,1,2
BRDA:96,10,0,2
BRDA:96,10,1,2
BRDA:98,11,0,1
BRDA:108,12,0,0
BRDA:179,13,0,2
BRDA:190,14,0,0
BRDA:190,15,0,2
BRDA:190,15,1,0
BRDA:194,16,0,0
BRF:25
BRH:16
end_of_record
TN:
SF:src\functions\qrcheckin\handler.ts
FN:7,(anonymous_1)
FNF:1
FNH:1
FNDA:4,(anonymous_1)
DA:2,1
DA:3,1
DA:4,1
DA:7,1
DA:10,4
DA:12,4
DA:13,4
DA:17,4
DA:18,1
DA:26,3
DA:31,2
DA:32,1
DA:41,1
DA:51,1
DA:59,4
LF:15
LH:15
BRDA:13,0,0,4
BRDA:13,0,1,0
BRDA:17,1,0,1
BRDA:31,2,0,1
BRDA:31,2,1,1
BRF:5
BRH:4
end_of_record
